mode: set
github.com/qri-io/qri/core/dataset_update.go:25.78,29.16 3 0
github.com/qri-io/qri/core/dataset_update.go:34.2,37.24 2 0
github.com/qri-io/qri/core/dataset_update.go:62.2,70.16 4 0
github.com/qri-io/qri/core/dataset_update.go:74.2,79.12 2 0
github.com/qri-io/qri/core/dataset_update.go:29.16,31.3 1 0
github.com/qri-io/qri/core/dataset_update.go:37.24,39.17 2 0
github.com/qri-io/qri/core/dataset_update.go:42.3,43.17 2 0
github.com/qri-io/qri/core/dataset_update.go:47.3,48.24 2 0
github.com/qri-io/qri/core/dataset_update.go:39.17,41.4 1 0
github.com/qri-io/qri/core/dataset_update.go:43.17,45.4 1 0
github.com/qri-io/qri/core/dataset_update.go:70.16,72.3 1 0
github.com/qri-io/qri/core/datasets.go:29.77,34.2 1 1
github.com/qri-io/qri/core/datasets.go:36.78,49.18 4 1
github.com/qri-io/qri/core/datasets.go:53.2,53.18 1 1
github.com/qri-io/qri/core/datasets.go:56.2,57.16 2 1
github.com/qri-io/qri/core/datasets.go:61.2,61.30 1 1
github.com/qri-io/qri/core/datasets.go:77.2,78.12 2 1
github.com/qri-io/qri/core/datasets.go:49.18,51.3 1 0
github.com/qri-io/qri/core/datasets.go:53.18,55.3 1 1
github.com/qri-io/qri/core/datasets.go:57.16,59.3 1 0
github.com/qri-io/qri/core/datasets.go:61.30,62.19 1 1
github.com/qri-io/qri/core/datasets.go:66.3,67.17 2 1
github.com/qri-io/qri/core/datasets.go:75.3,75.26 1 1
github.com/qri-io/qri/core/datasets.go:62.19,63.9 1 0
github.com/qri-io/qri/core/datasets.go:67.17,71.18 2 0
github.com/qri-io/qri/core/datasets.go:71.18,73.5 1 0
github.com/qri-io/qri/core/datasets.go:87.80,89.16 2 1
github.com/qri-io/qri/core/datasets.go:93.2,94.12 2 1
github.com/qri-io/qri/core/datasets.go:89.16,91.3 1 1
github.com/qri-io/qri/core/datasets.go:103.89,106.19 1 1
github.com/qri-io/qri/core/datasets.go:110.2,111.16 2 1
github.com/qri-io/qri/core/datasets.go:115.2,116.16 2 1
github.com/qri-io/qri/core/datasets.go:120.2,120.90 1 1
github.com/qri-io/qri/core/datasets.go:124.2,125.16 2 1
github.com/qri-io/qri/core/datasets.go:129.2,130.18 2 1
github.com/qri-io/qri/core/datasets.go:134.2,135.23 2 1
github.com/qri-io/qri/core/datasets.go:141.2,142.20 2 1
github.com/qri-io/qri/core/datasets.go:145.2,146.25 2 1
github.com/qri-io/qri/core/datasets.go:149.2,151.45 2 1
github.com/qri-io/qri/core/datasets.go:155.2,156.16 2 1
github.com/qri-io/qri/core/datasets.go:160.2,160.52 1 1
github.com/qri-io/qri/core/datasets.go:164.2,164.50 1 1
github.com/qri-io/qri/core/datasets.go:168.2,169.16 2 1
github.com/qri-io/qri/core/datasets.go:173.2,174.12 2 1
github.com/qri-io/qri/core/datasets.go:106.19,108.3 1 1
github.com/qri-io/qri/core/datasets.go:111.16,113.3 1 0
github.com/qri-io/qri/core/datasets.go:116.16,118.3 1 1
github.com/qri-io/qri/core/datasets.go:120.90,122.3 1 0
github.com/qri-io/qri/core/datasets.go:125.16,127.3 1 0
github.com/qri-io/qri/core/datasets.go:130.18,132.3 1 0
github.com/qri-io/qri/core/datasets.go:135.23,136.64 1 0
github.com/qri-io/qri/core/datasets.go:136.64,138.4 1 0
github.com/qri-io/qri/core/datasets.go:142.20,144.3 1 1
github.com/qri-io/qri/core/datasets.go:146.25,148.3 1 1
github.com/qri-io/qri/core/datasets.go:151.45,153.3 1 0
github.com/qri-io/qri/core/datasets.go:156.16,158.3 1 0
github.com/qri-io/qri/core/datasets.go:160.52,162.3 1 0
github.com/qri-io/qri/core/datasets.go:164.50,166.3 1 0
github.com/qri-io/qri/core/datasets.go:169.16,171.3 1 0
github.com/qri-io/qri/core/datasets.go:183.75,187.16 3 1
github.com/qri-io/qri/core/datasets.go:191.2,191.53 1 1
github.com/qri-io/qri/core/datasets.go:194.2,194.52 1 1
github.com/qri-io/qri/core/datasets.go:198.2,199.12 2 1
github.com/qri-io/qri/core/datasets.go:187.16,189.3 1 1
github.com/qri-io/qri/core/datasets.go:191.53,193.3 1 0
github.com/qri-io/qri/core/datasets.go:194.52,196.3 1 0
github.com/qri-io/qri/core/datasets.go:207.67,242.2 1 1
github.com/qri-io/qri/core/datasets.go:257.101,263.16 3 1
github.com/qri-io/qri/core/datasets.go:267.2,267.11 1 1
github.com/qri-io/qri/core/datasets.go:274.2,274.16 1 1
github.com/qri-io/qri/core/datasets.go:278.2,288.71 5 1
github.com/qri-io/qri/core/datasets.go:297.2,297.36 1 1
github.com/qri-io/qri/core/datasets.go:301.2,305.12 2 1
github.com/qri-io/qri/core/datasets.go:263.16,265.3 1 1
github.com/qri-io/qri/core/datasets.go:267.11,269.3 1 1
github.com/qri-io/qri/core/datasets.go:269.3,272.3 2 1
github.com/qri-io/qri/core/datasets.go:274.16,276.3 1 0
github.com/qri-io/qri/core/datasets.go:288.71,289.17 1 1
github.com/qri-io/qri/core/datasets.go:292.3,292.27 1 1
github.com/qri-io/qri/core/datasets.go:289.17,291.4 1 0
github.com/qri-io/qri/core/datasets.go:293.17,295.3 1 0
github.com/qri-io/qri/core/datasets.go:297.36,299.3 1 0
github.com/qri-io/qri/core/datasets.go:313.86,315.9 2 1
github.com/qri-io/qri/core/datasets.go:319.2,322.16 4 0
github.com/qri-io/qri/core/datasets.go:326.2,327.16 2 0
github.com/qri-io/qri/core/datasets.go:331.2,333.16 3 0
github.com/qri-io/qri/core/datasets.go:337.2,338.16 2 0
github.com/qri-io/qri/core/datasets.go:342.2,347.8 2 0
github.com/qri-io/qri/core/datasets.go:315.9,317.3 1 1
github.com/qri-io/qri/core/datasets.go:322.16,324.3 1 0
github.com/qri-io/qri/core/datasets.go:327.16,329.3 1 0
github.com/qri-io/qri/core/datasets.go:333.16,335.3 1 0
github.com/qri-io/qri/core/datasets.go:338.16,340.3 1 0
github.com/qri-io/qri/core/peers.go:15.68,20.2 1 0
github.com/qri-io/qri/core/peers.go:27.75,32.16 4 0
github.com/qri-io/qri/core/peers.go:36.2,36.26 1 0
github.com/qri-io/qri/core/peers.go:44.2,45.12 2 0
github.com/qri-io/qri/core/peers.go:32.16,34.3 1 0
github.com/qri-io/qri/core/peers.go:36.26,37.19 1 0
github.com/qri-io/qri/core/peers.go:40.3,41.6 2 0
github.com/qri-io/qri/core/peers.go:37.19,38.9 1 0
github.com/qri-io/qri/core/peers.go:48.74,51.2 2 0
github.com/qri-io/qri/core/peers.go:53.80,54.54 1 0
github.com/qri-io/qri/core/peers.go:58.2,59.16 2 0
github.com/qri-io/qri/core/peers.go:63.2,64.12 2 0
github.com/qri-io/qri/core/peers.go:54.54,56.3 1 0
github.com/qri-io/qri/core/peers.go:59.16,61.3 1 0
github.com/qri-io/qri/core/peers.go:67.70,88.2 1 0
github.com/qri-io/qri/core/peers.go:96.88,98.16 2 0
github.com/qri-io/qri/core/peers.go:102.2,103.34 2 0
github.com/qri-io/qri/core/peers.go:107.2,115.16 2 0
github.com/qri-io/qri/core/peers.go:119.2,120.16 2 0
github.com/qri-io/qri/core/peers.go:123.2,124.52 2 0
github.com/qri-io/qri/core/peers.go:128.2,129.12 2 0
github.com/qri-io/qri/core/peers.go:98.16,100.3 1 0
github.com/qri-io/qri/core/peers.go:103.34,105.3 1 0
github.com/qri-io/qri/core/peers.go:115.16,117.3 1 0
github.com/qri-io/qri/core/peers.go:120.16,122.3 1 0
github.com/qri-io/qri/core/peers.go:124.52,126.3 1 0
github.com/qri-io/qri/core/queries.go:21.73,26.2 1 0
github.com/qri-io/qri/core/queries.go:28.76,30.16 2 0
github.com/qri-io/qri/core/queries.go:34.2,34.30 1 0
github.com/qri-io/qri/core/queries.go:39.2,40.12 2 0
github.com/qri-io/qri/core/queries.go:30.16,32.3 1 0
github.com/qri-io/qri/core/queries.go:34.30,35.65 1 0
github.com/qri-io/qri/core/queries.go:35.65,37.4 1 0
github.com/qri-io/qri/core/queries.go:50.76,53.16 2 0
github.com/qri-io/qri/core/queries.go:57.2,58.12 2 0
github.com/qri-io/qri/core/queries.go:53.16,55.3 1 0
github.com/qri-io/qri/core/queries.go:68.71,76.15 2 0
github.com/qri-io/qri/core/queries.go:80.2,89.16 3 0
github.com/qri-io/qri/core/queries.go:94.2,94.25 1 0
github.com/qri-io/qri/core/queries.go:133.2,133.71 1 0
github.com/qri-io/qri/core/queries.go:136.2,136.16 1 0
github.com/qri-io/qri/core/queries.go:141.2,145.16 4 0
github.com/qri-io/qri/core/queries.go:149.2,152.16 3 0
github.com/qri-io/qri/core/queries.go:156.2,156.22 1 0
github.com/qri-io/qri/core/queries.go:162.2,162.64 1 0
github.com/qri-io/qri/core/queries.go:165.2,165.60 1 0
github.com/qri-io/qri/core/queries.go:169.2,171.45 2 0
github.com/qri-io/qri/core/queries.go:175.2,176.12 2 0
github.com/qri-io/qri/core/queries.go:76.15,78.3 1 0
github.com/qri-io/qri/core/queries.go:89.16,91.3 1 0
github.com/qri-io/qri/core/queries.go:94.25,97.30 2 0
github.com/qri-io/qri/core/queries.go:97.30,99.18 2 0
github.com/qri-io/qri/core/queries.go:106.4,107.18 2 0
github.com/qri-io/qri/core/queries.go:110.4,110.26 1 0
github.com/qri-io/qri/core/queries.go:99.18,101.5 1 0
github.com/qri-io/qri/core/queries.go:107.18,109.5 1 0
github.com/qri-io/qri/core/queries.go:133.71,135.3 1 0
github.com/qri-io/qri/core/queries.go:136.16,138.3 1 0
github.com/qri-io/qri/core/queries.go:145.16,147.3 1 0
github.com/qri-io/qri/core/queries.go:152.16,154.3 1 0
github.com/qri-io/qri/core/queries.go:156.22,157.60 1 0
github.com/qri-io/qri/core/queries.go:157.60,159.4 1 0
github.com/qri-io/qri/core/queries.go:162.64,164.3 1 0
github.com/qri-io/qri/core/queries.go:165.60,167.3 1 0
github.com/qri-io/qri/core/queries.go:171.45,173.3 1 0
github.com/qri-io/qri/core/search.go:17.75,23.2 1 0
github.com/qri-io/qri/core/search.go:25.86,32.43 1 0
github.com/qri-io/qri/core/search.go:43.2,43.12 1 0
github.com/qri-io/qri/core/search.go:32.43,34.17 2 0
github.com/qri-io/qri/core/search.go:37.3,38.13 2 0
github.com/qri-io/qri/core/search.go:34.17,36.4 1 0
github.com/qri-io/qri/core/search.go:39.3,41.3 1 0
github.com/qri-io/qri/core/search.go:50.76,51.43 1 0
github.com/qri-io/qri/core/search.go:60.2,60.89 1 0
github.com/qri-io/qri/core/search.go:51.43,53.17 2 0
github.com/qri-io/qri/core/search.go:56.3,57.13 2 0
github.com/qri-io/qri/core/search.go:53.17,55.4 1 0
